<?xml version="1.0" encoding="UTF-8"?>
<coverage generated="1661089026366" clover="3.2.0">
  <project timestamp="1661089026367" name="All files">
    <metrics statements="28" coveredstatements="27" conditionals="8" coveredconditionals="7" methods="8" coveredmethods="8" elements="44" coveredelements="42" complexity="0" loc="28" ncloc="28" packages="2" files="2" classes="2"/>
    <package name="Testing">
      <metrics statements="19" coveredstatements="19" conditionals="6" coveredconditionals="6" methods="4" coveredmethods="4"/>
      <file name="index.js" path="C:\Users\sagar\Desktop\HTML-Weekend\Testing\index.js">
        <metrics statements="19" coveredstatements="19" conditionals="6" coveredconditionals="6" methods="4" coveredmethods="4"/>
        <line num="2" count="3" type="stmt"/>
        <line num="6" count="1" type="stmt"/>
        <line num="10" count="8" type="cond" truecount="2" falsecount="0"/>
        <line num="11" count="2" type="stmt"/>
        <line num="13" count="6" type="cond" truecount="2" falsecount="0"/>
        <line num="14" count="1" type="stmt"/>
        <line num="17" count="5" type="stmt"/>
        <line num="18" count="5" type="stmt"/>
        <line num="20" count="5" type="stmt"/>
        <line num="21" count="5" type="stmt"/>
        <line num="26" count="2" type="stmt"/>
        <line num="28" count="8" type="stmt"/>
        <line num="29" count="24" type="stmt"/>
        <line num="30" count="24" type="stmt"/>
        <line num="32" count="24" type="cond" truecount="2" falsecount="0"/>
        <line num="34" count="9" type="stmt"/>
        <line num="35" count="9" type="stmt"/>
        <line num="40" count="2" type="stmt"/>
        <line num="44" count="2" type="stmt"/>
      </file>
    </package>
    <package name="Testing.stack">
      <metrics statements="9" coveredstatements="8" conditionals="2" coveredconditionals="1" methods="4" coveredmethods="4"/>
      <file name="index.js" path="C:\Users\sagar\Desktop\HTML-Weekend\Testing\stack\index.js">
        <metrics statements="9" coveredstatements="8" conditionals="2" coveredconditionals="1" methods="4" coveredmethods="4"/>
        <line num="3" count="5" type="stmt"/>
        <line num="6" count="7" type="stmt"/>
        <line num="10" count="2" type="cond" truecount="1" falsecount="1"/>
        <line num="11" count="0" type="stmt"/>
        <line num="13" count="2" type="stmt"/>
        <line num="17" count="2" type="stmt"/>
        <line num="18" count="2" type="stmt"/>
        <line num="22" count="5" type="stmt"/>
        <line num="27" count="1" type="stmt"/>
      </file>
    </package>
  </project>
</coverage>
