TN:
SF:index.js
FN:1,addition
FN:5,makeUpperCase
FN:9,makeCapitalCase
FN:25,sortArray
FNF:4
FNH:4
FNDA:3,addition
FNDA:1,makeUpperCase
FNDA:8,makeCapitalCase
FNDA:2,sortArray
DA:2,3
DA:6,1
DA:10,8
DA:11,2
DA:13,6
DA:14,1
DA:17,5
DA:18,5
DA:20,5
DA:21,5
DA:26,2
DA:28,8
DA:29,24
DA:30,24
DA:32,24
DA:34,9
DA:35,9
DA:40,2
DA:44,2
LF:19
LH:19
BRDA:10,0,0,2
BRDA:10,0,1,6
BRDA:13,1,0,1
BRDA:13,1,1,5
BRDA:32,2,0,9
BRDA:32,2,1,15
BRF:6
BRH:6
end_of_record
TN:
SF:stack\index.js
FN:5,(anonymous_0)
FN:9,(anonymous_1)
FN:16,(anonymous_2)
FN:21,(anonymous_3)
FNF:4
FNH:4
FNDA:7,(anonymous_0)
FNDA:2,(anonymous_1)
FNDA:2,(anonymous_2)
FNDA:5,(anonymous_3)
DA:3,5
DA:6,7
DA:10,2
DA:11,0
DA:13,2
DA:17,2
DA:18,2
DA:22,5
DA:27,1
LF:9
LH:8
BRDA:10,0,0,0
BRDA:10,0,1,2
BRF:2
BRH:1
end_of_record
